<?xml version="1.0" encoding="UTF-8"?>
<testng-results ignored="0" total="1" passed="1" failed="0" skipped="0">
  <reporter-output>
  </reporter-output>
  <suite started-at="2025-04-09T16:54:34 NPT" name="Default suite" finished-at="2025-04-09T16:54:38 NPT" duration-ms="3171">
    <groups>
    </groups>
    <test started-at="2025-04-09T16:54:34 NPT" name="Default test" finished-at="2025-04-09T16:54:38 NPT" duration-ms="3171">
      <class name="com.niraj.eb.testcases.CartTest">
        <test-method is-config="true" signature="setup()[pri:0, instance:com.niraj.eb.testcases.CartTest@dd8ba08]" started-at="2025-04-09T16:54:34 NPT" name="setup" finished-at="2025-04-09T16:54:38 NPT" duration-ms="3057" status="PASS">
          <reporter-output>
          </reporter-output>
        </test-method> <!-- setup -->
        <test-method signature="checkoutInfo()[pri:0, instance:com.niraj.eb.testcases.CartTest@dd8ba08]" started-at="2025-04-09T16:54:38 NPT" name="checkoutInfo" finished-at="2025-04-09T16:54:38 NPT" duration-ms="73" status="PASS">
          <reporter-output>
          </reporter-output>
        </test-method> <!-- checkoutInfo -->
      </class> <!-- com.niraj.eb.testcases.CartTest -->
    </test> <!-- Default test -->
  </suite> <!-- Default suite -->
</testng-results>
